<?xml version="1.0" encoding="UTF-8"?>
<!-- Generated by org.testng.reporters.JUnitReportReporter -->
<testsuite hostname="CHAMDAS-LAP" failures="0" tests="2" name="org.eBanking.TestCase.TS_Login_Test" time="2.080" errors="0" timestamp="2021-09-11T21:34:33 IST" skipped="0">
  <testcase classname="org.eBanking.TestCase.TS_Login_Test" name="loginTest" time="1.189"/>
  <system-out/>
  <testcase classname="org.eBanking.TestCase.TS_Login_Test" name="loginTest" time="0.891"/>
  <system-out/>
</testsuite> <!-- org.eBanking.TestCase.TS_Login_Test -->
